[21:03:52] [Client thread/INFO]: Setting user: Player740
[21:03:56] [Client thread/INFO]: LWJGL Version: 2.9.2
[21:04:04] [Client thread/INFO]: Reloading ResourceManager: Default, FMLFileResourcePack:Forge Mod Loader, FMLFileResourcePack:Minecraft Forge, FMLFileResourcePack:OverPowered
[21:04:04] [Sound Library Loader/INFO]: Starting up SoundSystem...
[21:04:05] [Thread-7/INFO]: Initializing LWJGL OpenAL
[21:04:05] [Thread-7/INFO]: (The LWJGL binding of OpenAL.  For more information, see http://www.lwjgl.org)
[21:04:05] [Thread-7/INFO]: OpenAL initialized.
[21:04:05] [Sound Library Loader/INFO]: Sound engine started
[21:04:07] [Client thread/INFO]: Created: 512x512 textures-atlas
[21:04:09] [Client thread/INFO]: Reloading ResourceManager: Default, FMLFileResourcePack:Forge Mod Loader, FMLFileResourcePack:Minecraft Forge, FMLFileResourcePack:OverPowered
[21:04:09] [Client thread/INFO]: SoundSystem shutting down...
[21:04:09] [Client thread/WARN]: Author: Paul Lamb, www.paulscode.com
[21:04:09] [Sound Library Loader/INFO]: Starting up SoundSystem...
[21:04:09] [Thread-9/INFO]: Initializing LWJGL OpenAL
[21:04:09] [Thread-9/INFO]: (The LWJGL binding of OpenAL.  For more information, see http://www.lwjgl.org)
[21:04:09] [Thread-9/INFO]: OpenAL initialized.
[21:04:10] [Sound Library Loader/INFO]: Sound engine started
[21:04:11] [Client thread/INFO]: Created: 512x512 textures-atlas
[21:04:20] [Client thread/INFO]: Stopping!
[21:04:20] [Client thread/INFO]: SoundSystem shutting down...
[21:04:20] [Client thread/WARN]: Author: Paul Lamb, www.paulscode.com
